
Cell user_analog_project_wrapper (1) disconnected node: proxygpio_analog[12]
Cell user_analog_project_wrapper (1) disconnected node: proxygpio_analog[9]
Cell user_analog_project_wrapper (1) disconnected node: proxygpio_analog[10]
Cell user_analog_project_wrapper (1) disconnected node: proxygpio_analog[5]
Cell user_analog_project_wrapper (1) disconnected node: proxygpio_analog[4]
Cell user_analog_project_wrapper (1) disconnected node: proxyvssd1
Cell user_analog_project_wrapper (1) disconnected node: proxyvdda1
Cell user_analog_project_wrapper (1) disconnected node: proxygpio_analog[11]
Subcircuit summary:
Circuit 1: mpw8                            |Circuit 2: user_analog_project_wrapper     
-------------------------------------------|-------------------------------------------
sky130_fd_pr__cap_mim_m3_1 (213->30)       |sky130_fd_pr__cap_mim_m3_1 (247->30)       
sky130_fd_pr__pfet_01v8_lvt (51)           |sky130_fd_pr__pfet_01v8_lvt (51)           
sky130_fd_pr__nfet_01v8_lvt (5)            |sky130_fd_pr__nfet_01v8_lvt (5)            
sky130_fd_pr__res_xhigh_po_0p35 (13)       |sky130_fd_pr__res_xhigh_po_0p35 (13)       
sky130_fd_pr__res_xhigh_po_5p73 (3)        |sky130_fd_pr__res_xhigh_po_5p73 (3)        
sky130_fd_pr__nfet_01v8_lvt_SMGWK2 (18)    |sky130_fd_pr__nfet_01v8_lvt_SMGWK2 (18)    
sky130_fd_pr__nfet_01v8_lvt_9DW9LC (4)     |sky130_fd_pr__nfet_01v8_lvt_9DW9LC (4)     
sky130_fd_pr__nfet_01v8_lvt_84HFGD (10)    |sky130_fd_pr__nfet_01v8_lvt_84HFGD (10)    
sky130_fd_pr__res_xhigh_po_0p69_FR2N8V (3) |sky130_fd_pr__res_xhigh_po_0p69_FR2N8V (3) 
sky130_fd_pr__res_high_po_2p85_HV4VUF (3)  |sky130_fd_pr__res_high_po_2p85_HV4VUF (3)  
sky130_fd_pr__nfet_01v8_lvt_8TEW3F (6)     |sky130_fd_pr__nfet_01v8_lvt_8TEW3F (6)     
sky130_fd_pr__nfet_01v8_Q8AFGD (12)        |sky130_fd_pr__nfet_01v8_Q8AFGD (12)        
sky130_fd_sc_hd__clkbuf_1[[0]] (1)         |sky130_fd_sc_hd__clkbuf_1 (1)              
sky130_fd_pr__res_xhigh_po_0p35_H4KU7R (1) |sky130_fd_pr__res_xhigh_po_0p35_H4KU7R (1) 
sky130_fd_pr__res_xhigh_po_0p69_ET3NLF (1) |sky130_fd_pr__res_xhigh_po_0p69_ET3NLF (1) 
sky130_fd_pr__pfet_01v8 (13)               |sky130_fd_pr__pfet_01v8 (13)               
sky130_fd_pr__res_xhigh_po_0p69_LVNRZ4 (2) |sky130_fd_pr__res_xhigh_po_0p69_LVNRZ4 (2) 
sky130_fd_pr__res_xhigh_po_0p35_4XRDQ9 (2) |sky130_fd_pr__res_xhigh_po_0p35_4XRDQ9 (2) 
sky130_fd_pr__res_xhigh_po_2p85_QPY2BD (2) |sky130_fd_pr__res_xhigh_po_2p85_QPY2BD (2) 
sky130_fd_sc_hd__or4bb_1[[0]] (1)          |sky130_fd_sc_hd__or4bb_1 (1)               
sky130_fd_pr__pfet_01v8_hvt (128)          |sky130_fd_pr__pfet_01v8_hvt (128)          
sky130_fd_pr__nfet_01v8 (129)              |sky130_fd_pr__nfet_01v8 (129)              
sky130_fd_sc_hd__bufbuf_8[[0]] (2)         |sky130_fd_sc_hd__bufbuf_8 (2)              
sky130_fd_sc_hd__clkdlybuf4s50_1[[0]] (1)  |sky130_fd_sc_hd__clkdlybuf4s50_1 (1)       
sky130_fd_pr__nfet_01v8_A5ES5P (1)         |sky130_fd_pr__nfet_01v8_A5ES5P (1)         
sky130_fd_sc_hd__nand2_1[[0]] (1)          |sky130_fd_sc_hd__nand2_1 (1)               
sky130_fd_sc_hd__clkbuf_4[[0]] (4)         |sky130_fd_sc_hd__clkbuf_4 (4)              
sky130_fd_sc_hd__clkinv_1[[0]] (1)         |sky130_fd_sc_hd__clkinv_1 (1)              
sky130_fd_sc_hd__clkbuf_16 (2)             |sky130_fd_sc_hd__clkbuf_16 (2)             
Number of devices: 450                     |Number of devices: 450                     
Number of nets: 247                        |Number of nets: 247                        
---------------------------------------------------------------------------------------
NET mismatches: Class fragments follow (with fanout counts):
Circuit 1: mpw8                            |Circuit 2: user_analog_project_wrapper     

---------------------------------------------------------------------------------------
Net: net9                                  |Net: filter_0/input                        
  sky130_fd_pr__pfet_01v8_lvt/(1|3) = 2    |  sky130_fd_pr__pfet_01v8_lvt/(1|3) = 2    
  sky130_fd_pr__nfet_01v8_lvt_SMGWK2/a_50_ |  sky130_fd_pr__nfet_01v8_lvt_SMGWK2/a_50_ 
  sky130_fd_pr__nfet_01v8_lvt_SMGWK2/a_n10 |  sky130_fd_pr__nfet_01v8_lvt_SMGWK2/a_n10 
  sky130_fd_pr__nfet_01v8_lvt_SMGWK2/a_n50 |  sky130_fd_pr__nfet_01v8_lvt_SMGWK2/a_n50 
  sky130_fd_pr__res_xhigh_po_2p85_QPY2BD/a |  sky130_fd_pr__res_xhigh_po_2p85_QPY2BD/a 
                                           |                                           
Net: net4                                  |Net: filter_1/input                        
  sky130_fd_pr__pfet_01v8_lvt/(1|3) = 2    |  sky130_fd_pr__pfet_01v8_lvt/(1|3) = 2    
  sky130_fd_pr__nfet_01v8_lvt_SMGWK2/a_50_ |  sky130_fd_pr__nfet_01v8_lvt_SMGWK2/a_50_ 
  sky130_fd_pr__nfet_01v8_lvt_SMGWK2/a_n10 |  sky130_fd_pr__nfet_01v8_lvt_SMGWK2/a_n10 
  sky130_fd_pr__nfet_01v8_lvt_SMGWK2/a_n50 |  sky130_fd_pr__nfet_01v8_lvt_SMGWK2/a_n50 
  sky130_fd_pr__res_xhigh_po_2p85_QPY2BD/a |  sky130_fd_pr__res_xhigh_po_2p85_QPY2BD/a 
---------------------------------------------------------------------------------------

---------------------------------------------------------------------------------------
Net: vssd1                                 |Net: vssd1                                 
  sky130_fd_pr__pfet_01v8_lvt/(1|3) = 4    |  sky130_fd_pr__pfet_01v8_lvt/(1|3) = 4    
  sky130_fd_pr__nfet_01v8_lvt/(1|3) = 5    |  sky130_fd_pr__nfet_01v8_lvt/(1|3) = 5    
  sky130_fd_pr__nfet_01v8_lvt/4 = 5        |  sky130_fd_pr__nfet_01v8_lvt/4 = 5        
  sky130_fd_pr__cap_mim_m3_1/2 = 8         |  sky130_fd_pr__cap_mim_m3_1/2 = 8         
  sky130_fd_pr__cap_mim_m3_1/1 = 6         |  sky130_fd_pr__cap_mim_m3_1/1 = 6         
  sky130_fd_pr__res_xhigh_po_0p35/3 = 13   |  sky130_fd_pr__res_xhigh_po_0p35/3 = 13   
  sky130_fd_pr__res_xhigh_po_0p35/(1|2) =  |  sky130_fd_pr__res_xhigh_po_0p35/(1|2) =  
  sky130_fd_pr__res_xhigh_po_5p73/3 = 3    |  sky130_fd_pr__res_xhigh_po_5p73/3 = 3    
  sky130_fd_pr__res_xhigh_po_5p73/(1|2) =  |  sky130_fd_pr__res_xhigh_po_5p73/(1|2) =  
  sky130_fd_pr__nfet_01v8_lvt_SMGWK2/a_n21 |  sky130_fd_pr__nfet_01v8_lvt_SMGWK2/a_n21 
  sky130_fd_pr__nfet_01v8_lvt_SMGWK2/a_50_ |  sky130_fd_pr__nfet_01v8_lvt_SMGWK2/a_50_ 
  sky130_fd_pr__nfet_01v8_lvt_9DW9LC/a_n17 |  sky130_fd_pr__nfet_01v8_lvt_9DW9LC/a_n17 
  sky130_fd_pr__nfet_01v8_lvt_84HFGD/a_n17 |  sky130_fd_pr__nfet_01v8_lvt_84HFGD/a_n17 
  sky130_fd_pr__nfet_01v8_lvt_84HFGD/a_16_ |  sky130_fd_pr__nfet_01v8_lvt_84HFGD/a_16_ 
  sky130_fd_pr__res_xhigh_po_0p69_FR2N8V/a |  sky130_fd_pr__res_xhigh_po_0p69_FR2N8V/a 
  sky130_fd_pr__res_xhigh_po_0p69_FR2N8V/a |  sky130_fd_pr__res_xhigh_po_0p69_FR2N8V/a 
  sky130_fd_pr__res_high_po_2p85_HV4VUF/a_ |  sky130_fd_pr__res_high_po_2p85_HV4VUF/a_ 
  sky130_fd_pr__nfet_01v8_lvt_8TEW3F/a_50_ |  sky130_fd_pr__nfet_01v8_lvt_8TEW3F/a_50_ 
  sky130_fd_pr__nfet_01v8_lvt_8TEW3F/a_n21 |  sky130_fd_pr__nfet_01v8_lvt_8TEW3F/a_n21 
  sky130_fd_pr__nfet_01v8_lvt_8TEW3F/a_n10 |  sky130_fd_pr__nfet_01v8_lvt_8TEW3F/a_n10 
  sky130_fd_pr__nfet_01v8_Q8AFGD/a_16_n100 |  sky130_fd_pr__nfet_01v8_Q8AFGD/a_16_n100 
  sky130_fd_pr__nfet_01v8_Q8AFGD/a_n176_n2 |  sky130_fd_pr__nfet_01v8_Q8AFGD/a_n176_n2 
  sky130_fd_sc_hd__clkbuf_1[[0]]/VGND = 1  |  sky130_fd_sc_hd__nand2_1/VGND = 1        
  sky130_fd_sc_hd__clkbuf_1[[0]]/VNB = 1   |  sky130_fd_sc_hd__nand2_1/VNB = 1         
  sky130_fd_pr__res_xhigh_po_0p35_H4KU7R/a |  sky130_fd_pr__res_xhigh_po_0p35_H4KU7R/a 
  sky130_fd_pr__nfet_01v8_Q8AFGD/a_n74_n10 |  sky130_fd_pr__nfet_01v8_Q8AFGD/a_n74_n10 
  sky130_fd_pr__res_xhigh_po_0p69_ET3NLF/a |  sky130_fd_pr__res_xhigh_po_0p69_ET3NLF/a 
  sky130_fd_pr__res_xhigh_po_0p69_LVNRZ4/a |  sky130_fd_pr__res_xhigh_po_0p69_LVNRZ4/a 
  sky130_fd_pr__res_xhigh_po_0p35_4XRDQ9/a |  sky130_fd_pr__res_xhigh_po_0p35_4XRDQ9/a 
  sky130_fd_pr__res_xhigh_po_2p85_QPY2BD/a |  sky130_fd_pr__res_xhigh_po_2p85_QPY2BD/a 
  sky130_fd_sc_hd__or4bb_1[[0]]/VGND = 1   |  sky130_fd_sc_hd__clkdlybuf4s50_1/VGND =  
  sky130_fd_sc_hd__or4bb_1[[0]]/VNB = 1    |  sky130_fd_sc_hd__clkdlybuf4s50_1/VNB = 1 
  sky130_fd_pr__nfet_01v8/4 = 129          |  sky130_fd_pr__nfet_01v8/4 = 129          
  sky130_fd_pr__nfet_01v8/(1|3) = 81       |  sky130_fd_pr__nfet_01v8/(1|3) = 81       
  sky130_fd_sc_hd__bufbuf_8[[0]]/VGND = 2  |  sky130_fd_sc_hd__bufbuf_8/VNB = 2        
  sky130_fd_sc_hd__bufbuf_8[[0]]/VNB = 2   |  sky130_fd_sc_hd__clkbuf_4/VNB = 4        
  sky130_fd_sc_hd__clkdlybuf4s50_1[[0]]/VG |  sky130_fd_sc_hd__or4bb_1/VNB = 1         
  sky130_fd_sc_hd__clkdlybuf4s50_1[[0]]/VN |  sky130_fd_sc_hd__clkinv_1/VGND = 1       
  sky130_fd_pr__nfet_01v8_A5ES5P/a_15_n100 |  sky130_fd_pr__nfet_01v8_A5ES5P/a_15_n100 
  sky130_fd_pr__nfet_01v8_A5ES5P/a_n175_n1 |  sky130_fd_pr__nfet_01v8_A5ES5P/a_n175_n1 
  sky130_fd_sc_hd__nand2_1[[0]]/VGND = 1   |  sky130_fd_sc_hd__clkinv_1/VNB = 1        
  sky130_fd_sc_hd__nand2_1[[0]]/VNB = 1    |  sky130_fd_sc_hd__or4bb_1/VGND = 1        
  sky130_fd_sc_hd__clkbuf_4[[0]]/VGND = 4  |  sky130_fd_sc_hd__clkbuf_4/VGND = 4       
  sky130_fd_sc_hd__clkbuf_4[[0]]/VNB = 4   |  sky130_fd_sc_hd__clkbuf_1/VGND = 1       
  sky130_fd_sc_hd__clkinv_1[[0]]/VGND = 1  |  sky130_fd_sc_hd__clkbuf_1/VNB = 1        
  sky130_fd_sc_hd__clkinv_1[[0]]/VNB = 1   |  sky130_fd_sc_hd__bufbuf_8/VGND = 2       
  sky130_fd_sc_hd__clkbuf_16/VGND = 2      |  sky130_fd_sc_hd__clkbuf_16/VGND = 2      
  sky130_fd_sc_hd__clkbuf_16/VNB = 2       |  sky130_fd_sc_hd__clkbuf_16/VNB = 2       
---------------------------------------------------------------------------------------

---------------------------------------------------------------------------------------
Net: MIX_C                                 |Net: gilbert_1/LO+                         
  sky130_fd_pr__nfet_01v8_lvt_84HFGD/a_n33 |  sky130_fd_pr__nfet_01v8_lvt_84HFGD/a_n33 
  sky130_fd_sc_hd__clkbuf_4[[0]]/X = 1     |  sky130_fd_sc_hd__clkbuf_4/X = 1          
---------------------------------------------------------------------------------------

---------------------------------------------------------------------------------------
Net: MIX_D                                 |Net: gilbert_1/LO-                         
  sky130_fd_pr__nfet_01v8_lvt_84HFGD/a_n33 |  sky130_fd_pr__nfet_01v8_lvt_84HFGD/a_n33 
  sky130_fd_sc_hd__clkbuf_4[[0]]/X = 1     |  sky130_fd_sc_hd__clkbuf_4/X = 1          
---------------------------------------------------------------------------------------

---------------------------------------------------------------------------------------
Net: gilbert:14/m1_n3965_n185#             |Net: /gilbert_1/m1_n3965_n185#             
  sky130_fd_pr__nfet_01v8_lvt_9DW9LC/a_n74 |  sky130_fd_pr__nfet_01v8_lvt_9DW9LC/a_n74 
  sky130_fd_pr__nfet_01v8_lvt_84HFGD/a_16_ |  sky130_fd_pr__nfet_01v8_lvt_84HFGD/a_16_ 
  sky130_fd_pr__nfet_01v8_lvt_84HFGD/a_n74 |  sky130_fd_pr__nfet_01v8_lvt_84HFGD/a_n74 
---------------------------------------------------------------------------------------

---------------------------------------------------------------------------------------
Net: gilbert:14/m1_n1565_n185#             |Net: /gilbert_1/m1_n1565_n185#             
  sky130_fd_pr__nfet_01v8_lvt_84HFGD/a_16_ |  sky130_fd_pr__nfet_01v8_lvt_84HFGD/a_16_ 
  sky130_fd_pr__nfet_01v8_lvt_9DW9LC/a_16_ |  sky130_fd_pr__nfet_01v8_lvt_9DW9LC/a_16_ 
  sky130_fd_pr__nfet_01v8_lvt_84HFGD/a_n74 |  sky130_fd_pr__nfet_01v8_lvt_84HFGD/a_n74 
---------------------------------------------------------------------------------------

---------------------------------------------------------------------------------------
Net: net6                                  |Net: gilbert_1/IF-                         
  sky130_fd_pr__cap_mim_m3_1/2 = 1         |  sky130_fd_pr__cap_mim_m3_1/2 = 1         
  sky130_fd_pr__pfet_01v8_lvt/(1|3) = 1    |  sky130_fd_pr__pfet_01v8_lvt/(1|3) = 1    
  sky130_fd_pr__nfet_01v8_lvt_84HFGD/a_16_ |  sky130_fd_pr__nfet_01v8_lvt_84HFGD/a_16_ 
---------------------------------------------------------------------------------------

---------------------------------------------------------------------------------------
Net: net10                                 |Net: gilbert_1/IF+                         
  sky130_fd_pr__cap_mim_m3_1/2 = 1         |  sky130_fd_pr__cap_mim_m3_1/2 = 1         
  sky130_fd_pr__nfet_01v8_lvt_84HFGD/a_n74 |  sky130_fd_pr__nfet_01v8_lvt_84HFGD/a_n74 
  sky130_fd_pr__pfet_01v8_lvt/(1|3) = 1    |  sky130_fd_pr__pfet_01v8_lvt/(1|3) = 1    
---------------------------------------------------------------------------------------
DEVICE mismatches: Class fragments follow (with node fanout counts):
Circuit 1: mpw8                            |Circuit 2: user_analog_project_wrapper     

---------------------------------------------------------------------------------------
Instance: gilbert:14/sky130_fd_pr__nfet_01 |Instance: gilbert_1/sky130_fd_pr__nfet_01v 
  a_16_n500# = 3                           |  a_16_n500# = 3                           
  a_n176_n674# = 372                       |  a_n176_n674# = 372                       
  a_n74_n500# = 4                          |  a_n74_n500# = 4                          
  a_n33_n588# = 3                          |  a_n33_n588# = 3                          
                                           |                                           
Instance: gilbert:14//sky130_fd_pr__nfet_0 |Instance: gilbert_1//sky130_fd_pr__nfet_01 
  a_16_n500# = 3                           |  a_16_n500# = 3                           
  a_n176_n674# = 372                       |  a_n176_n674# = 372                       
  a_n74_n500# = 4                          |  a_n74_n500# = 4                          
  a_n33_n588# = 3                          |  a_n33_n588# = 3                          
---------------------------------------------------------------------------------------

---------------------------------------------------------------------------------------
Instance: gilbert:14/sky130_fd_pr__nfet_01 |Instance: gilbert_1/sky130_fd_pr__nfet_01v 
  a_16_n500# = 4                           |  a_16_n500# = 4                           
  a_n176_n674# = 372                       |  a_n176_n674# = 372                       
  a_n74_n500# = 3                          |  a_n74_n500# = 3                          
  a_n33_n588# = 3                          |  a_n33_n588# = 3                          
                                           |                                           
Instance: gilbert:14/sky130_fd_pr__nfet_01 |Instance: gilbert_1/sky130_fd_pr__nfet_01v 
  a_16_n500# = 4                           |  a_16_n500# = 4                           
  a_n176_n674# = 372                       |  a_n176_n674# = 372                       
  a_n74_n500# = 3                          |  a_n74_n500# = 3                          
  a_n33_n588# = 3                          |  a_n33_n588# = 3                          
---------------------------------------------------------------------------------------
Netlists do not match.

Subcircuit pins:
Circuit 1: mpw8                            |Circuit 2: user_analog_project_wrapper     
-------------------------------------------|-------------------------------------------
gpio_analog[4]                             |gpio_analog[4]                             
gpio_analog[13]                            |gpio_analog[13]                            
gpio_analog[10]                            |gpio_analog[10]                            
io_out[9]                                  |io_out[9]                                  
gpio_analog[5]                             |gpio_analog[5]                             
vdda1                                      |vdda1                                      
vssd1                                      |vssd1                                      
io_in[10]                                  |io_in[10]                                  
gpio_analog[12]                            |gpio_analog[12]                            
gpio_analog[0]                             |gpio_analog[0]                             
gpio_analog[11]                            |gpio_analog[11]                            
io_in[15]                                  |io_in[15]                                  
io_out[13]                                 |io_out[13]                                 
gpio_analog[9]                             |gpio_analog[9]                             
gpio_analog[1]                             |gpio_analog[1]                             
proxygpio_analog[10]                       |proxygpio_analog[10]                       
proxygpio_analog[11]                       |proxygpio_analog[11]                       
proxygpio_analog[12]                       |proxygpio_analog[12]                       
proxygpio_analog[4]                        |proxygpio_analog[4]                        
proxygpio_analog[5]                        |proxygpio_analog[5]                        
proxygpio_analog[9]                        |proxygpio_analog[9]                        
proxyvdda1                                 |proxyvdda1                                 
proxyvssd1                                 |proxyvssd1                                 
---------------------------------------------------------------------------------------
Cell pin lists are equivalent.
Device classes mpw8 and user_analog_project_wrapper are equivalent.

Final result: Netlists do not match.
